<?xml version="1.0" encoding="UTF-8"?>
<testng-results ignored="0" total="1" passed="1" failed="0" skipped="0">
  <reporter-output>
    <line>
      <![CDATA[Browser Open And Maximize]]>
    </line>
    <line>
      <![CDATA[Log===Mobile   Search    Done    and    Browser    Close]]>
    </line>
  </reporter-output>
  <suite started-at="2023-03-14T22:31:10 IST" name="Default suite" finished-at="2023-03-14T22:31:32 IST" duration-ms="21828">
    <groups>
    </groups>
    <test started-at="2023-03-14T22:31:10 IST" name="Default test" finished-at="2023-03-14T22:31:32 IST" duration-ms="21828">
      <class name="testClasses.TestClass001">
        <test-method signature="mamm()[pri:0, instance:testClasses.TestClass001@6e509ffa]" started-at="2023-03-14T22:31:10 IST" name="mamm" finished-at="2023-03-14T22:31:32 IST" duration-ms="21775" status="PASS">
          <reporter-output>
            <line>
              <![CDATA[Browser Open And Maximize]]>
            </line>
            <line>
              <![CDATA[Log===Mobile   Search    Done    and    Browser    Close]]>
            </line>
          </reporter-output>
        </test-method> <!-- mamm -->
      </class> <!-- testClasses.TestClass001 -->
    </test> <!-- Default test -->
  </suite> <!-- Default suite -->
</testng-results>
